2023.09.11 11:42:05 INFO  Started: Metals version 1.0.1+22-acf9aec2-SNAPSHOT in folders '/Users/antonsviridov/projects/sourcegraph/sourcegraph/docker-images/syntax-highlighter/crates/scip-treesitter-cli' for client Neovim 0.10.0-dev+g069fad6e2.[0m
Sept 11, 2023 11:42:05 AM org.flywaydb.core.internal.license.VersionPrinter printVersionOnly
INFO: Flyway Community Edition 9.22.0 by Redgate
Sept 11, 2023 11:42:05 AM org.flywaydb.core.internal.license.VersionPrinter printVersion
INFO: See release notes here: https://rd.gt/416ObMi
Sept 11, 2023 11:42:05 AM org.flywaydb.core.internal.license.VersionPrinter printVersion
INFO: 
Sept 11, 2023 11:42:05 AM org.flywaydb.core.FlywayExecutor execute
INFO: Database: jdbc:h2:file:/Users/antonsviridov/projects/sourcegraph/sourcegraph/docker-images/syntax-highlighter/crates/scip-treesitter-cli/.metals/metals (H2 2.1)
Sept 11, 2023 11:42:05 AM org.flywaydb.core.internal.schemahistory.JdbcTableSchemaHistory allAppliedMigrations
INFO: Schema history table "PUBLIC"."flyway_schema_history" does not exist yet
Sept 11, 2023 11:42:05 AM org.flywaydb.core.internal.command.DbValidate validate
INFO: Successfully validated 4 migrations (execution time 00:00.005s)
Sept 11, 2023 11:42:05 AM org.flywaydb.core.internal.schemahistory.JdbcTableSchemaHistory create
INFO: Creating Schema History table "PUBLIC"."flyway_schema_history" ...
Sept 11, 2023 11:42:05 AM org.flywaydb.core.internal.command.DbMigrate migrateGroup
INFO: Current version of schema "PUBLIC": << Empty Schema >>
Sept 11, 2023 11:42:05 AM org.flywaydb.core.internal.command.DbMigrate doMigrateGroup
INFO: Migrating schema "PUBLIC" to version "1 - Create tables"
Sept 11, 2023 11:42:05 AM org.flywaydb.core.internal.command.DbMigrate doMigrateGroup
INFO: Migrating schema "PUBLIC" to version "2 - Server discovery"
Sept 11, 2023 11:42:05 AM org.flywaydb.core.internal.command.DbMigrate doMigrateGroup
INFO: Migrating schema "PUBLIC" to version "3 - Jar symbols"
Sept 11, 2023 11:42:05 AM org.flywaydb.core.internal.command.DbMigrate doMigrateGroup
INFO: Migrating schema "PUBLIC" to version "4 - Fingerprints"
Sept 11, 2023 11:42:05 AM org.flywaydb.core.internal.command.DbMigrate logSummary
INFO: Successfully applied 4 migrations to schema "PUBLIC", now at version v4 (execution time 00:00.009s)
2023.09.11 11:42:05 INFO  time: initialize in 0.29s[0m
2023.09.11 11:42:07 INFO  no build target found for /Users/antonsviridov/projects/sourcegraph/sourcegraph/docker-images/syntax-highlighter/crates/scip-treesitter-cli/test.scala. Using presentation compiler with project's scala-library version: 3.3.1[0m
2023.09.11 11:42:07 WARN  Build server is not auto-connectable.[0m
2023.09.11 11:42:07 WARN  no build target for: /Users/antonsviridov/projects/sourcegraph/sourcegraph/docker-images/syntax-highlighter/crates/scip-treesitter-cli/test.scala[0m
2023.09.11 11:42:45 WARN  no build target for: /Users/antonsviridov/projects/sourcegraph/sourcegraph/docker-images/syntax-highlighter/crates/scip-treesitter-cli/test.scala[0m
2023.09.11 11:42:45 INFO  skipping build import with status 'Dismissed'[0m
2023.09.11 12:02:02 INFO  Started: Metals version 1.0.1+22-acf9aec2-SNAPSHOT in folders '/Users/antonsviridov/projects/sourcegraph/sourcegraph/docker-images/syntax-highlighter/crates/scip-treesitter-cli' for client Neovim 0.10.0-dev+g069fad6e2.[0m
Sept 11, 2023 12:02:02 PM org.flywaydb.core.internal.license.VersionPrinter printVersionOnly
INFO: Flyway Community Edition 9.22.0 by Redgate
Sept 11, 2023 12:02:02 PM org.flywaydb.core.internal.license.VersionPrinter printVersion
INFO: See release notes here: https://rd.gt/416ObMi
Sept 11, 2023 12:02:02 PM org.flywaydb.core.internal.license.VersionPrinter printVersion
INFO: 
Sept 11, 2023 12:02:02 PM org.flywaydb.core.FlywayExecutor execute
INFO: Database: jdbc:h2:file:/Users/antonsviridov/projects/sourcegraph/sourcegraph/docker-images/syntax-highlighter/crates/scip-treesitter-cli/.metals/metals (H2 2.1)
Sept 11, 2023 12:02:02 PM org.flywaydb.core.internal.command.DbValidate validate
INFO: Successfully validated 4 migrations (execution time 00:00.008s)
Sept 11, 2023 12:02:02 PM org.flywaydb.core.internal.command.DbMigrate migrateGroup
INFO: Current version of schema "PUBLIC": 4
Sept 11, 2023 12:02:02 PM org.flywaydb.core.internal.command.DbMigrate logSummary
INFO: Schema "PUBLIC" is up to date. No migration necessary.
2023.09.11 12:02:02 INFO  time: initialize in 0.15s[0m
2023.09.11 12:02:04 INFO  no build target found for /Users/antonsviridov/projects/sourcegraph/sourcegraph/docker-images/syntax-highlighter/crates/scip-treesitter-cli/test.scala. Using presentation compiler with project's scala-library version: 3.3.1[0m
2023.09.11 12:02:04 WARN  Build server is not auto-connectable.[0m
2023.09.11 12:02:04 WARN  no build target for: /Users/antonsviridov/projects/sourcegraph/sourcegraph/docker-images/syntax-highlighter/crates/scip-treesitter-cli/test.scala[0m
2023.09.18 09:18:44 INFO  Shutting down server[0m
2023.09.18 09:18:44 INFO  shutting down Metals[0m
2023.09.18 09:18:47 INFO  Shutting down server[0m
2023.09.18 09:18:47 INFO  shutting down Metals[0m
2023.09.21 11:45:10 INFO  Started: Metals version 1.0.1+22-acf9aec2-SNAPSHOT in folders '/Users/antonsviridov/projects/sourcegraph/sourcegraph/docker-images/syntax-highlighter/crates/scip-treesitter-cli' for client Neovim 0.10.0-dev+g9cadbf1d3.[0m
Sept 21, 2023 11:45:10 AM org.flywaydb.core.internal.license.VersionPrinter printVersionOnly
INFO: Flyway Community Edition 9.22.0 by Redgate
Sept 21, 2023 11:45:10 AM org.flywaydb.core.internal.license.VersionPrinter printVersion
INFO: See release notes here: https://rd.gt/416ObMi
Sept 21, 2023 11:45:10 AM org.flywaydb.core.internal.license.VersionPrinter printVersion
INFO: 
Sept 21, 2023 11:45:10 AM org.flywaydb.core.FlywayExecutor execute
INFO: Database: jdbc:h2:file:/Users/antonsviridov/projects/sourcegraph/sourcegraph/docker-images/syntax-highlighter/crates/scip-treesitter-cli/.metals/metals (H2 2.1)
Sept 21, 2023 11:45:10 AM org.flywaydb.core.internal.command.DbValidate validate
INFO: Successfully validated 4 migrations (execution time 00:00.009s)
Sept 21, 2023 11:45:10 AM org.flywaydb.core.internal.command.DbMigrate migrateGroup
INFO: Current version of schema "PUBLIC": 4
Sept 21, 2023 11:45:10 AM org.flywaydb.core.internal.command.DbMigrate logSummary
INFO: Schema "PUBLIC" is up to date. No migration necessary.
2023.09.21 11:45:10 INFO  time: initialize in 0.32s[0m
2023.09.21 11:45:12 INFO  no build target found for /Users/antonsviridov/projects/sourcegraph/sourcegraph/docker-images/syntax-highlighter/crates/scip-treesitter-cli/test.scala. Using presentation compiler with project's scala-library version: 3.3.1[0m
2023.09.21 11:45:12 WARN  Build server is not auto-connectable.[0m
2023.09.21 11:45:12 WARN  no build target for: /Users/antonsviridov/projects/sourcegraph/sourcegraph/docker-images/syntax-highlighter/crates/scip-treesitter-cli/test.scala[0m
2023.09.21 11:45:24 INFO  Shutting down server[0m
2023.09.21 11:45:24 INFO  shutting down Metals[0m
2023.09.21 15:58:00 INFO  Started: Metals version 1.0.1+22-acf9aec2-SNAPSHOT in folders '/Users/antonsviridov/projects/sourcegraph/sourcegraph/docker-images/syntax-highlighter/crates/scip-treesitter-cli' for client Neovim 0.10.0-dev+g9cadbf1d3.[0m
Sept 21, 2023 3:58:00 PM org.flywaydb.core.internal.license.VersionPrinter printVersionOnly
INFO: Flyway Community Edition 9.22.0 by Redgate
Sept 21, 2023 3:58:00 PM org.flywaydb.core.internal.license.VersionPrinter printVersion
INFO: See release notes here: https://rd.gt/416ObMi
Sept 21, 2023 3:58:00 PM org.flywaydb.core.internal.license.VersionPrinter printVersion
INFO: 
Sept 21, 2023 3:58:01 PM org.flywaydb.core.FlywayExecutor execute
INFO: Database: jdbc:h2:file:/Users/antonsviridov/projects/sourcegraph/sourcegraph/docker-images/syntax-highlighter/crates/scip-treesitter-cli/.metals/metals (H2 2.1)
Sept 21, 2023 3:58:01 PM org.flywaydb.core.internal.command.DbValidate validate
INFO: Successfully validated 4 migrations (execution time 00:00.009s)
Sept 21, 2023 3:58:01 PM org.flywaydb.core.internal.command.DbMigrate migrateGroup
INFO: Current version of schema "PUBLIC": 4
Sept 21, 2023 3:58:01 PM org.flywaydb.core.internal.command.DbMigrate logSummary
INFO: Schema "PUBLIC" is up to date. No migration necessary.
2023.09.21 15:58:01 INFO  time: initialize in 0.29s[0m
2023.09.21 15:58:04 INFO  no build target found for /Users/antonsviridov/projects/sourcegraph/sourcegraph/docker-images/syntax-highlighter/crates/scip-treesitter-cli/test.scala. Using presentation compiler with project's scala-library version: 3.3.1[0m
2023.09.21 15:58:04 WARN  Build server is not auto-connectable.[0m
2023.09.21 15:58:04 WARN  no build target for: /Users/antonsviridov/projects/sourcegraph/sourcegraph/docker-images/syntax-highlighter/crates/scip-treesitter-cli/test.scala[0m
