2023.09.11 11:41:20 INFO  Started: Metals version 1.0.1+22-acf9aec2-SNAPSHOT in folders '/Users/antonsviridov/projects/sourcegraph/sourcegraph' for client Neovim 0.10.0-dev+g069fad6e2.[0m
Sept 11, 2023 11:41:20 AM org.flywaydb.core.internal.license.VersionPrinter printVersionOnly
INFO: Flyway Community Edition 9.22.0 by Redgate
Sept 11, 2023 11:41:20 AM org.flywaydb.core.internal.license.VersionPrinter printVersion
INFO: See release notes here: https://rd.gt/416ObMi
Sept 11, 2023 11:41:20 AM org.flywaydb.core.internal.license.VersionPrinter printVersion
INFO: 
Sept 11, 2023 11:41:20 AM org.flywaydb.core.FlywayExecutor execute
INFO: Database: jdbc:h2:file:/Users/antonsviridov/projects/sourcegraph/sourcegraph/.metals/metals (H2 2.1)
Sept 11, 2023 11:41:20 AM org.flywaydb.core.internal.schemahistory.JdbcTableSchemaHistory allAppliedMigrations
INFO: Schema history table "PUBLIC"."flyway_schema_history" does not exist yet
Sept 11, 2023 11:41:20 AM org.flywaydb.core.internal.command.DbValidate validate
INFO: Successfully validated 4 migrations (execution time 00:00.006s)
Sept 11, 2023 11:41:20 AM org.flywaydb.core.internal.schemahistory.JdbcTableSchemaHistory create
INFO: Creating Schema History table "PUBLIC"."flyway_schema_history" ...
Sept 11, 2023 11:41:20 AM org.flywaydb.core.internal.command.DbMigrate migrateGroup
INFO: Current version of schema "PUBLIC": << Empty Schema >>
Sept 11, 2023 11:41:20 AM org.flywaydb.core.internal.command.DbMigrate doMigrateGroup
INFO: Migrating schema "PUBLIC" to version "1 - Create tables"
Sept 11, 2023 11:41:20 AM org.flywaydb.core.internal.command.DbMigrate doMigrateGroup
INFO: Migrating schema "PUBLIC" to version "2 - Server discovery"
Sept 11, 2023 11:41:20 AM org.flywaydb.core.internal.command.DbMigrate doMigrateGroup
INFO: Migrating schema "PUBLIC" to version "3 - Jar symbols"
Sept 11, 2023 11:41:20 AM org.flywaydb.core.internal.command.DbMigrate doMigrateGroup
INFO: Migrating schema "PUBLIC" to version "4 - Fingerprints"
Sept 11, 2023 11:41:20 AM org.flywaydb.core.internal.command.DbMigrate logSummary
INFO: Successfully applied 4 migrations to schema "PUBLIC", now at version v4 (execution time 00:00.007s)
2023.09.11 11:41:20 INFO  time: initialize in 0.3s[0m
2023.09.11 11:41:25 INFO  no build target found for /Users/antonsviridov/projects/sourcegraph/sourcegraph/docker-images/syntax-highlighter/crates/scip-treesitter-cli/test.scala. Using presentation compiler with project's scala-library version: 3.3.1[0m
2023.09.11 11:41:26 WARN  no build target for: /Users/antonsviridov/projects/sourcegraph/sourcegraph/docker-images/syntax-highlighter/crates/scip-treesitter-cli/test.scala[0m
2023.09.11 11:41:26 INFO  Running List(/Users/antonsviridov/.tools/scala-cli, setup-ide, /Users/antonsviridov/projects/sourcegraph/sourcegraph)[0m
2023.09.11 11:41:26 INFO  Attempting to connect to the build server...[0m
2023.09.11 11:41:26 INFO  Running BSP server List(/Users/antonsviridov/.tools/scala-cli, bsp, --json-options, /Users/antonsviridov/projects/sourcegraph/sourcegraph/.scala-build/ide-options-v2.json, /Users/antonsviridov/projects/sourcegraph/sourcegraph)[0m
2023.09.11 11:41:26 INFO  Attempting to connect to the build server...[0m
2023.09.11 11:41:26 INFO  Running BSP server List(/Users/antonsviridov/.tools/scala-cli, bsp, --json-options, /Users/antonsviridov/projects/sourcegraph/sourcegraph/.scala-build/ide-options-v2.json, /Users/antonsviridov/projects/sourcegraph/sourcegraph)[0m
2023.09.11 11:41:26 INFO  tracing is disabled for protocol BSP, to enable tracing of incoming and outgoing JSON messages create an empty file at /Users/antonsviridov/projects/sourcegraph/sourcegraph/.metals/bsp.trace.json or /Users/antonsviridov/Library/Caches/org.scalameta.metals/bsp.trace.json[0m
2023.09.11 11:41:26 INFO  tracing is disabled for protocol BSP, to enable tracing of incoming and outgoing JSON messages create an empty file at /Users/antonsviridov/projects/sourcegraph/sourcegraph/.metals/bsp.trace.json or /Users/antonsviridov/Library/Caches/org.scalameta.metals/bsp.trace.json[0m
2023.09.11 11:41:33 INFO  BSP server: Checking https://repo1.maven.org/maven2/org/scala-lang/scala-library/[0m
2023.09.11 11:41:33 INFO  BSP server: Checked https://repo1.maven.org/maven2/org/scala-lang/scala-library/[0m
2023.09.11 11:41:33 INFO  BSP server: Checking https://repo1.maven.org/maven2/org/scala-lang/scala-library/maven-metadata.xml[0m
2023.09.11 11:41:33 INFO  BSP server: Checking https://repo1.maven.org/maven2/org/scala-lang/scala-library/[0m
2023.09.11 11:41:33 INFO  BSP server: Checked https://repo1.maven.org/maven2/org/scala-lang/scala-library/maven-metadata.xml[0m
2023.09.11 11:41:33 INFO  BSP server: Checked https://repo1.maven.org/maven2/org/scala-lang/scala-library/[0m
2023.09.11 11:41:33 INFO  BSP server: Checking https://repo1.maven.org/maven2/org/scala-lang/scala3-library_3/[0m
2023.09.11 11:41:33 INFO  BSP server: Checking https://repo1.maven.org/maven2/org/scala-lang/scala3-library_3/[0m
2023.09.11 11:41:33 INFO  BSP server: Checked https://repo1.maven.org/maven2/org/scala-lang/scala3-library_3/[0m
2023.09.11 11:41:33 INFO  BSP server: Checked https://repo1.maven.org/maven2/org/scala-lang/scala3-library_3/[0m
2023.09.11 11:41:33 INFO  BSP server: Downloading https://repo1.maven.org/maven2/org/scala-lang/scala3-library_3/[0m
2023.09.11 11:41:33 INFO  BSP server: Downloading https://repo1.maven.org/maven2/org/scala-lang/scala3-library_3/[0m
2023.09.11 11:41:33 INFO  BSP server: (watching) Downloaded https://repo1.maven.org/maven2/org/scala-lang/scala3-library_3/[0m
2023.09.11 11:41:33 INFO  BSP server: Checking https://repo1.maven.org/maven2/org/scala-lang/scala3-library_3/maven-metadata.xml[0m
2023.09.11 11:41:33 INFO  BSP server: Checked https://repo1.maven.org/maven2/org/scala-lang/scala3-library_3/maven-metadata.xml[0m
2023.09.11 11:41:33 INFO  BSP server: Downloading https://repo1.maven.org/maven2/org/scala-lang/scala3-library_3/maven-metadata.xml[0m
2023.09.11 11:41:33 INFO  BSP server: Downloaded https://repo1.maven.org/maven2/org/scala-lang/scala3-library_3/[0m
2023.09.11 11:41:34 INFO  BSP server: Downloaded https://repo1.maven.org/maven2/org/scala-lang/scala3-library_3/maven-metadata.xml[0m
2023.09.11 11:41:34 INFO  BSP server: Checking https://repo1.maven.org/maven2/org/scala-lang/scala3-library_3/maven-metadata.xml[0m
2023.09.11 11:41:34 INFO  BSP server: Checked https://repo1.maven.org/maven2/org/scala-lang/scala3-library_3/maven-metadata.xml[0m
2023.09.11 11:41:34 INFO  BSP server: Downloading https://repo1.maven.org/maven2/org/scala-lang/scala3-library_3/maven-metadata.xml[0m
2023.09.11 11:41:34 INFO  BSP server: Downloaded https://repo1.maven.org/maven2/org/scala-lang/scala3-library_3/maven-metadata.xml[0m
2023.09.11 11:41:34 INFO  time: Connected to build server in 8.13s[0m
2023.09.11 11:41:34 INFO  Connected to Build server: scala-cli v1.0.4-SNAPSHOT[0m
2023.09.11 11:41:34 INFO  time: Connected to build server in 8.14s[0m
2023.09.11 11:41:34 INFO  Connected to Build server: scala-cli v1.0.4-SNAPSHOT[0m
2023.09.11 11:41:35 INFO  compiling sourcegraph_bd2c96d2de (5 scala sources and 235 java sources)[0m
2023.09.11 11:41:35 INFO  Deduplicating compilation of sourcegraph_bd2c96d2de from bsp client 'scala-cli 1.0.4-SNAPSHOT' (since 7.654s)[0m
2023.09.11 11:41:35 INFO  compiling sourcegraph_bd2c96d2de (5 scala sources and 235 java sources)[0m
2023.09.11 11:41:44 WARN  there was 1 feature warning; re-run with -feature for details[0m
2023.09.11 11:41:44 INFO  time: compiled sourcegraph_bd2c96d2de in 8.81s[0m
2023.09.11 11:41:44 WARN  there was 1 feature warning; re-run with -feature for details[0m
2023.09.11 11:41:44 INFO  Deduplicating compilation of sourcegraph_bd2c96d2de from bsp client 'scala-cli 1.0.4-SNAPSHOT' (since 16.541s)[0m
2023.09.11 11:41:44 INFO  compiling sourcegraph_bd2c96d2de (5 scala sources and 235 java sources)[0m
2023.09.11 11:41:44 INFO  compiling sourcegraph_bd2c96d2de (5 scala sources and 235 java sources)[0m
2023.09.11 11:41:48 INFO  no build target found for /Users/antonsviridov/projects/sourcegraph/sourcegraph/docker-images/syntax-highlighter/crates/scip-treesitter-cli/build.sbt. Using presentation compiler with project's scala-library version: 3.3.0[0m
2023.09.11 11:41:48 WARN  Could not find semantic tokens for: file:///Users/antonsviridov/projects/sourcegraph/sourcegraph/docker-images/syntax-highlighter/crates/scip-treesitter-cli/build.sbt[0m
2023.09.11 11:41:48 INFO  time: indexed workspace in 13s[0m
2023.09.11 11:41:48 INFO  time: indexed workspace in 13s[0m
2023.09.11 11:41:52 WARN  Could not find semantic tokens for: file:///Users/antonsviridov/projects/sourcegraph/sourcegraph/docker-images/syntax-highlighter/crates/scip-treesitter-cli/build.sbt[0m
2023.09.11 11:41:53 WARN  there was 1 feature warning; re-run with -feature for details[0m
2023.09.11 11:41:53 INFO  time: compiled sourcegraph_bd2c96d2de in 8.73s[0m
2023.09.11 11:41:53 WARN  there was 1 feature warning; re-run with -feature for details[0m
2023.09.11 11:41:53 WARN  no build target for: /Users/antonsviridov/projects/sourcegraph/sourcegraph/docker-images/syntax-highlighter/crates/scip-treesitter-cli/build.sbt[0m
2023.09.11 11:41:53 WARN  no build target for: /Users/antonsviridov/projects/sourcegraph/sourcegraph/docker-images/syntax-highlighter/crates/scip-treesitter-cli/build.sbt[0m
2023.09.11 11:41:53 INFO  compiling sourcegraph_bd2c96d2de (5 scala sources and 235 java sources)[0m
2023.09.11 11:41:54 WARN  Could not find semantic tokens for: file:///Users/antonsviridov/projects/sourcegraph/sourcegraph/docker-images/syntax-highlighter/crates/scip-treesitter-cli/build.sbt[0m
2023.09.11 11:41:54 WARN  Could not find semantic tokens for: file:///Users/antonsviridov/projects/sourcegraph/sourcegraph/docker-images/syntax-highlighter/crates/scip-treesitter-cli/build.sbt[0m
2023.09.11 11:41:54 WARN  Could not find semantic tokens for: file:///Users/antonsviridov/projects/sourcegraph/sourcegraph/docker-images/syntax-highlighter/crates/scip-treesitter-cli/build.sbt[0m
2023.09.11 11:41:55 WARN  Could not find semantic tokens for: file:///Users/antonsviridov/projects/sourcegraph/sourcegraph/docker-images/syntax-highlighter/crates/scip-treesitter-cli/build.sbt[0m
2023.09.11 11:41:55 WARN  Could not find semantic tokens for: file:///Users/antonsviridov/projects/sourcegraph/sourcegraph/docker-images/syntax-highlighter/crates/scip-treesitter-cli/build.sbt[0m
2023.09.11 11:41:56 WARN  Could not find semantic tokens for: file:///Users/antonsviridov/projects/sourcegraph/sourcegraph/docker-images/syntax-highlighter/crates/scip-treesitter-cli/build.sbt[0m
2023.09.11 11:41:56 WARN  Could not find semantic tokens for: file:///Users/antonsviridov/projects/sourcegraph/sourcegraph/docker-images/syntax-highlighter/crates/scip-treesitter-cli/build.sbt[0m
2023.09.11 11:41:56 WARN  Could not find semantic tokens for: file:///Users/antonsviridov/projects/sourcegraph/sourcegraph/docker-images/syntax-highlighter/crates/scip-treesitter-cli/build.sbt[0m
2023.09.11 11:41:58 INFO  Shutting down server[0m
2023.09.11 11:41:58 INFO  shutting down Metals[0m
2023.09.11 11:41:58 WARN  no build target for: /Users/antonsviridov/projects/sourcegraph/sourcegraph/docker-images/syntax-highlighter/crates/scip-treesitter-cli/build.sbt[0m
2023.09.11 11:41:58 INFO  Shut down connection with build server.[0m
2023.09.11 11:41:58 INFO  Cancelling compilation on scala-cli server[0m
2023.09.11 11:41:58 INFO  Cancelling compilation on scala-cli server[0m
2023.09.11 11:41:58 INFO  Running BSP server List(/Users/antonsviridov/.tools/scala-cli, bsp, --json-options, /Users/antonsviridov/projects/sourcegraph/sourcegraph/.scala-build/ide-options-v2.json, /Users/antonsviridov/projects/sourcegraph/sourcegraph)[0m
